<?xml version="1.0" encoding="UTF-8"?>
<testsuite xmlns:xsi="http://www.w3.org/2001/XMLSchema-instance" xsi:noNamespaceSchemaLocation="https://maven.apache.org/surefire/maven-surefire-plugin/xsd/surefire-test-report-3.0.xsd" version="3.0" name="com.playmate.integration.SecurityTest" time="0.019" tests="8" errors="0" skipped="0" failures="0">
  <properties>
[...]
</properties>
  <testcase name="testUsernameValidation" classname="com.playmate.integration.SecurityTest" time="0.002"/>
  <testcase name="testAmountValidation" classname="com.playmate.integration.SecurityTest" time="0.003"/>
  <testcase name="testOrderNoValidation" classname="com.playmate.integration.SecurityTest" time="0.002"/>
  <testcase name="testPhoneValidation" classname="com.playmate.integration.SecurityTest" time="0.001"/>
  <testcase name="testTransactionIdValidation" classname="com.playmate.integration.SecurityTest" time="0.002"/>
  <testcase name="testPasswordValidation" classname="com.playmate.integration.SecurityTest" time="0.001"/>
  <testcase name="testEmailValidation" classname="com.playmate.integration.SecurityTest" time="0.001"/>
  <testcase name="testInputSanitization" classname="com.playmate.integration.SecurityTest" time="0.001"/>
</testsuite>