<?xml version="1.0" encoding="UTF-8"?>
<testsuite xmlns:xsi="http://www.w3.org/2001/XMLSchema-instance" xsi:noNamespaceSchemaLocation="https://maven.apache.org/surefire/maven-surefire-plugin/xsd/surefire-test-report-3.0.xsd" version="3.0" name="com.playmate.service.PostServiceIntegrationTest" time="1.332" tests="1" errors="0" skipped="0" failures="0">
  <properties>
[...]
</properties>
  <testcase name="testCreateAndSearchPost" classname="com.playmate.service.PostServiceIntegrationTest" time="0.029">
    <system-out><![CDATA[2025-11-25T09:56:11.124+08:00  INFO 43304 --- [playmate-backend] [           main] o.s.b.d.r.RestartApplicationListener     : Restart disabled due to context in which it is running
  .   ____          _            __ _ _
 /\\ / ___'_ __ _ _(_)_ __  __ _ \ \ \ \
( ( )\___ | '_ | '_| | '_ \/ _` | \ \ \ \
 \\/  ___)| |_)| | | | | || (_| |  ) ) ) )
  '  |____| .__|_| |_|_| |_\__, | / / / /
 =========|_|==============|___/=/_/_/_/

 :: Spring Boot ::                (v3.3.0)

2025-11-25T09:56:11.148+08:00  INFO 43304 --- [playmate-backend] [           main] c.p.service.PostServiceIntegrationTest   : Starting PostServiceIntegrationTest using Java 25.0.1 with PID 43304 (started by fukac in D:\PEILIAODIAN\vs1\playmate_app\backend)
2025-11-25T09:56:11.148+08:00 DEBUG 43304 --- [playmate-backend] [           main] c.p.service.PostServiceIntegrationTest   : Running with Spring Boot v3.3.0, Spring v6.1.8
2025-11-25T09:56:11.148+08:00  INFO 43304 --- [playmate-backend] [           main] c.p.service.PostServiceIntegrationTest   : The following 3 profiles are active: "jpush", "webrtc", "dev"
2025-11-25T09:56:11.306+08:00  INFO 43304 --- [playmate-backend] [           main] .s.d.r.c.RepositoryConfigurationDelegate : Multiple Spring Data modules found, entering strict repository configuration mode
2025-11-25T09:56:11.306+08:00  INFO 43304 --- [playmate-backend] [           main] .s.d.r.c.RepositoryConfigurationDelegate : Bootstrapping Spring Data JPA repositories in DEFAULT mode.
2025-11-25T09:56:11.323+08:00  INFO 43304 --- [playmate-backend] [           main] .s.d.r.c.RepositoryConfigurationDelegate : Finished Spring Data repository scanning in 16 ms. Found 17 JPA repository interfaces.
2025-11-25T09:56:11.385+08:00  INFO 43304 --- [playmate-backend] [           main] o.hibernate.jpa.internal.util.LogHelper  : HHH000204: Processing PersistenceUnitInfo [name: default]
2025-11-25T09:56:11.388+08:00  INFO 43304 --- [playmate-backend] [           main] o.h.c.internal.RegionFactoryInitiator    : HHH000026: Second-level cache disabled
2025-11-25T09:56:11.392+08:00  INFO 43304 --- [playmate-backend] [           main] o.s.o.j.p.SpringPersistenceUnitInfo      : No LoadTimeWeaver setup: ignoring JPA class transformer
2025-11-25T09:56:11.393+08:00  INFO 43304 --- [playmate-backend] [           main] com.zaxxer.hikari.HikariDataSource       : HikariPool-2 - Starting...
2025-11-25T09:56:11.492+08:00  INFO 43304 --- [playmate-backend] [           main] com.zaxxer.hikari.pool.HikariPool        : HikariPool-2 - Added connection conn0: url=jdbc:h2:mem:testdb user=SA
2025-11-25T09:56:11.492+08:00  INFO 43304 --- [playmate-backend] [           main] com.zaxxer.hikari.HikariDataSource       : HikariPool-2 - Start completed.
2025-11-25T09:56:11.494+08:00  WARN 43304 --- [playmate-backend] [           main] org.hibernate.orm.deprecation            : HHH90000025: H2Dialect does not need to be specified explicitly using 'hibernate.dialect' (remove the property setting and it will be selected by default)
2025-11-25T09:56:11.682+08:00  INFO 43304 --- [playmate-backend] [           main] o.h.e.t.j.p.i.JtaPlatformInitiator       : HHH000489: No JTA platform available (set 'hibernate.transaction.jta.platform' to enable JTA platform integration)
2025-11-25T09:56:11.684+08:00 DEBUG 43304 --- [playmate-backend] [           main] org.hibernate.SQL                        : 
    drop table if exists activities cascade 
Hibernate: 
    drop table if exists activities cascade 
2025-11-25T09:56:11.685+08:00 DEBUG 43304 --- [playmate-backend] [           main] org.hibernate.SQL                        : 
    drop table if exists audit_logs cascade 
Hibernate: 
    drop table if exists audit_logs cascade 
2025-11-25T09:56:11.685+08:00 DEBUG 43304 --- [playmate-backend] [           main] org.hibernate.SQL                        : 
    drop table if exists comment_likes cascade 
Hibernate: 
    drop table if exists comment_likes cascade 
2025-11-25T09:56:11.685+08:00 DEBUG 43304 --- [playmate-backend] [           main] org.hibernate.SQL                        : 
    drop table if exists comments cascade 
Hibernate: 
    drop table if exists comments cascade 
2025-11-25T09:56:11.685+08:00 DEBUG 43304 --- [playmate-backend] [           main] org.hibernate.SQL                        : 
    drop table if exists feedback cascade 
Hibernate: 
    drop table if exists feedback cascade 
2025-11-25T09:56:11.685+08:00 DEBUG 43304 --- [playmate-backend] [           main] org.hibernate.SQL                        : 
    drop table if exists follows cascade 
Hibernate: 
    drop table if exists follows cascade 
2025-11-25T09:56:11.686+08:00 DEBUG 43304 --- [playmate-backend] [           main] org.hibernate.SQL                        : 
    drop table if exists game_categories cascade 
Hibernate: 
    drop table if exists game_categories cascade 
2025-11-25T09:56:11.686+08:00 DEBUG 43304 --- [playmate-backend] [           main] org.hibernate.SQL                        : 
    drop table if exists messages cascade 
Hibernate: 
    drop table if exists messages cascade 
2025-11-25T09:56:11.686+08:00 DEBUG 43304 --- [playmate-backend] [           main] org.hibernate.SQL                        : 
    drop table if exists orders cascade 
Hibernate: 
    drop table if exists orders cascade 
2025-11-25T09:56:11.686+08:00 DEBUG 43304 --- [playmate-backend] [           main] org.hibernate.SQL                        : 
    drop table if exists payment_settings cascade 
Hibernate: 
    drop table if exists payment_settings cascade 
2025-11-25T09:56:11.686+08:00 DEBUG 43304 --- [playmate-backend] [           main] org.hibernate.SQL                        : 
    drop table if exists payments cascade 
Hibernate: 
    drop table if exists payments cascade 
2025-11-25T09:56:11.686+08:00 DEBUG 43304 --- [playmate-backend] [           main] org.hibernate.SQL                        : 
    drop table if exists player_services cascade 
Hibernate: 
    drop table if exists player_services cascade 
2025-11-25T09:56:11.686+08:00 DEBUG 43304 --- [playmate-backend] [           main] org.hibernate.SQL                        : 
    drop table if exists players cascade 
Hibernate: 
    drop table if exists players cascade 
2025-11-25T09:56:11.686+08:00 DEBUG 43304 --- [playmate-backend] [           main] org.hibernate.SQL                        : 
    drop table if exists post_images cascade 
Hibernate: 
    drop table if exists post_images cascade 
2025-11-25T09:56:11.686+08:00 DEBUG 43304 --- [playmate-backend] [           main] org.hibernate.SQL                        : 
    drop table if exists post_likes cascade 
Hibernate: 
    drop table if exists post_likes cascade 
2025-11-25T09:56:11.686+08:00 DEBUG 43304 --- [playmate-backend] [           main] org.hibernate.SQL                        : 
    drop table if exists post_tags cascade 
Hibernate: 
    drop table if exists post_tags cascade 
2025-11-25T09:56:11.686+08:00 DEBUG 43304 --- [playmate-backend] [           main] org.hibernate.SQL                        : 
    drop table if exists posts cascade 
Hibernate: 
    drop table if exists posts cascade 
2025-11-25T09:56:11.686+08:00 DEBUG 43304 --- [playmate-backend] [           main] org.hibernate.SQL                        : 
    drop table if exists users cascade 
Hibernate: 
    drop table if exists users cascade 
2025-11-25T09:56:11.686+08:00 DEBUG 43304 --- [playmate-backend] [           main] org.hibernate.SQL                        : 
    drop table if exists wallets cascade 
Hibernate: 
    drop table if exists wallets cascade 
2025-11-25T09:56:11.689+08:00 DEBUG 43304 --- [playmate-backend] [           main] org.hibernate.SQL                        : 
    create table activities (
        discount_rate numeric(5,4),
        max_discount numeric(10,2),
        min_amount numeric(10,2),
        participant_count integer not null,
        participant_limit integer,
        sort_order integer not null,
        created_at timestamp(6),
        end_time timestamp(6) not null,
        id bigint generated by default as identity,
        start_time timestamp(6) not null,
        updated_at timestamp(6),
        title varchar(200) not null,
        image_url varchar(500),
        description TEXT,
        status enum ('ACTIVE','CANCELLED','DRAFT','ENDED','SUSPENDED') not null,
        type enum ('BONUS','DISCOUNT','LIMITED_TIME') not null,
        primary key (id)
    )
Hibernate: 
    create table activities (
        discount_rate numeric(5,4),
        max_discount numeric(10,2),
        min_amount numeric(10,2),
        participant_count integer not null,
        participant_limit integer,
        sort_order integer not null,
        created_at timestamp(6),
        end_time timestamp(6) not null,
        id bigint generated by default as identity,
        start_time timestamp(6) not null,
        updated_at timestamp(6),
        title varchar(200) not null,
        image_url varchar(500),
        description TEXT,
        status enum ('ACTIVE','CANCELLED','DRAFT','ENDED','SUSPENDED') not null,
        type enum ('BONUS','DISCOUNT','LIMITED_TIME') not null,
        primary key (id)
    )
2025-11-25T09:56:11.695+08:00 DEBUG 43304 --- [playmate-backend] [           main] org.hibernate.SQL                        : 
    create table audit_logs (
        amount numeric(19,2),
        success boolean,
        create_time timestamp(6) not null,
        id bigint generated by default as identity,
        update_time timestamp(6),
        http_method varchar(10),
        ip_address varchar(45),
        created_by varchar(50),
        operation varchar(50),
        resource_type varchar(50),
        updated_by varchar(50),
        username varchar(50),
        resource_id varchar(100),
        resource varchar(200),
        failure_reason varchar(500),
        request_uri varchar(500),
        user_agent varchar(500),
        details TEXT,
        primary key (id)
    )
Hibernate: 
    create table audit_logs (
        amount numeric(19,2),
        success boolean,
        create_time timestamp(6) not null,
        id bigint generated by default as identity,
        update_time timestamp(6),
        http_method varchar(10),
        ip_address varchar(45),
        created_by varchar(50),
        operation varchar(50),
        resource_type varchar(50),
        updated_by varchar(50),
        username varchar(50),
        resource_id varchar(100),
        resource varchar(200),
        failure_reason varchar(500),
        request_uri varchar(500),
        user_agent varchar(500),
        details TEXT,
        primary key (id)
    )
2025-11-25T09:56:11.697+08:00 DEBUG 43304 --- [playmate-backend] [           main] org.hibernate.SQL                        : 
    create table comment_likes (
        comment_id bigint not null,
        created_at timestamp(6),
        id bigint generated by default as identity,
        user_id bigint not null,
        primary key (id)
    )
Hibernate: 
    create table comment_likes (
        comment_id bigint not null,
        created_at timestamp(6),
        id bigint generated by default as identity,
        user_id bigint not null,
        primary key (id)
    )
2025-11-25T09:56:11.698+08:00 DEBUG 43304 --- [playmate-backend] [           main] org.hibernate.SQL                        : 
    create table comments (
        like_count integer not null,
        create_time timestamp(6) not null,
        id bigint generated by default as identity,
        parent_id bigint,
        post_id bigint not null,
        reply_to_user_id bigint,
        user_id bigint not null,
        content varchar(500) not null,
        status enum ('DELETED','PENDING','PUBLISHED','REJECTED') not null,
        primary key (id)
    )
Hibernate: 
    create table comments (
        like_count integer not null,
        create_time timestamp(6) not null,
        id bigint generated by default as identity,
        parent_id bigint,
        post_id bigint not null,
        reply_to_user_id bigint,
        user_id bigint not null,
        content varchar(500) not null,
        status enum ('DELETED','PENDING','PUBLISHED','REJECTED') not null,
        primary key (id)
    )
2025-11-25T09:56:11.698+08:00 DEBUG 43304 --- [playmate-backend] [           main] org.hibernate.SQL                        : 
    create table feedback (
        created_at timestamp(6) not null,
        id bigint generated by default as identity,
        updated_at timestamp(6) not null,
        user_id bigint not null,
        type varchar(50) not null,
        contact varchar(100),
        admin_reply TEXT,
        content TEXT,
        status enum ('PENDING','PROCESSING','REJECTED','RESOLVED') not null,
        primary key (id)
    )
Hibernate: 
    create table feedback (
        created_at timestamp(6) not null,
        id bigint generated by default as identity,
        updated_at timestamp(6) not null,
        user_id bigint not null,
        type varchar(50) not null,
        contact varchar(100),
        admin_reply TEXT,
        content TEXT,
        status enum ('PENDING','PROCESSING','REJECTED','RESOLVED') not null,
        primary key (id)
    )
2025-11-25T09:56:11.699+08:00 DEBUG 43304 --- [playmate-backend] [           main] org.hibernate.SQL                        : 
    create table follows (
        create_time timestamp(6) not null,
        follower_id bigint not null,
        following_id bigint not null,
        id bigint generated by default as identity,
        status enum ('BLOCKED','FOLLOWING','PENDING','REJECTED') not null,
        primary key (id),
        unique (follower_id, following_id)
    )
Hibernate: 
    create table follows (
        create_time timestamp(6) not null,
        follower_id bigint not null,
        following_id bigint not null,
        id bigint generated by default as identity,
        status enum ('BLOCKED','FOLLOWING','PENDING','REJECTED') not null,
        primary key (id),
        unique (follower_id, following_id)
    )
2025-11-25T09:56:11.701+08:00 DEBUG 43304 --- [playmate-backend] [           main] org.hibernate.SQL                        : 
    create table game_categories (
        sort_order integer not null,
        created_at timestamp(6),
        id bigint generated by default as identity,
        updated_at timestamp(6),
        name varchar(100) not null unique,
        description varchar(500),
        icon_url varchar(255),
        status enum ('ACTIVE','INACTIVE') not null,
        primary key (id)
    )
Hibernate: 
    create table game_categories (
        sort_order integer not null,
        created_at timestamp(6),
        id bigint generated by default as identity,
        updated_at timestamp(6),
        name varchar(100) not null unique,
        description varchar(500),
        icon_url varchar(255),
        status enum ('ACTIVE','INACTIVE') not null,
        primary key (id)
    )
2025-11-25T09:56:11.701+08:00 DEBUG 43304 --- [playmate-backend] [           main] org.hibernate.SQL                        : 
    create table messages (
        is_read boolean,
        created_at timestamp(6),
        id bigint generated by default as identity,
        recipient_id bigint,
        sender_id bigint,
        updated_at timestamp(6),
        content TEXT not null,
        conversation_id varchar(255),
        type enum ('IMAGE','LOCATION','SYSTEM','TEXT','VIDEO','VOICE') not null,
        primary key (id)
    )
Hibernate: 
    create table messages (
        is_read boolean,
        created_at timestamp(6),
        id bigint generated by default as identity,
        recipient_id bigint,
        sender_id bigint,
        updated_at timestamp(6),
        content TEXT not null,
        conversation_id varchar(255),
        type enum ('IMAGE','LOCATION','SYSTEM','TEXT','VIDEO','VOICE') not null,
        primary key (id)
    )
2025-11-25T09:56:11.702+08:00 DEBUG 43304 --- [playmate-backend] [           main] org.hibernate.SQL                        : 
    create table orders (
        amount numeric(38,2) not null,
        duration integer not null,
        comment_time timestamp(6),
        create_time timestamp(6) not null,
        end_time timestamp(6),
        id bigint generated by default as identity,
        player_id bigint not null,
        start_time timestamp(6),
        user_id bigint not null,
        requirements varchar(500),
        cancel_reason varchar(255),
        comment varchar(255),
        contact_info varchar(255),
        order_no varchar(255) not null unique,
        rating varchar(255),
        service_type enum ('ENTERTAINMENT','GAME_GUIDE','VIDEO','VOICE') not null,
        status enum ('ACCEPTED','CANCELLED','COMPLETED','IN_PROGRESS','PENDING','REFUNDED') not null,
        primary key (id)
    )
Hibernate: 
    create table orders (
        amount numeric(38,2) not null,
        duration integer not null,
        comment_time timestamp(6),
        create_time timestamp(6) not null,
        end_time timestamp(6),
        id bigint generated by default as identity,
        player_id bigint not null,
        start_time timestamp(6),
        user_id bigint not null,
        requirements varchar(500),
        cancel_reason varchar(255),
        comment varchar(255),
        contact_info varchar(255),
        order_no varchar(255) not null unique,
        rating varchar(255),
        service_type enum ('ENTERTAINMENT','GAME_GUIDE','VIDEO','VOICE') not null,
        status enum ('ACCEPTED','CANCELLED','COMPLETED','IN_PROGRESS','PENDING','REFUNDED') not null,
        primary key (id)
    )
2025-11-25T09:56:11.703+08:00 DEBUG 43304 --- [playmate-backend] [           main] org.hibernate.SQL                        : 
    create table payment_settings (
        id bigint generated by default as identity,
        updated_at timestamp(6),
        user_id bigint not null unique,
        settings TEXT,
        primary key (id)
    )
Hibernate: 
    create table payment_settings (
        id bigint generated by default as identity,
        updated_at timestamp(6),
        user_id bigint not null unique,
        settings TEXT,
        primary key (id)
    )
2025-11-25T09:56:11.705+08:00 DEBUG 43304 --- [playmate-backend] [           main] org.hibernate.SQL                        : 
    create table payments (
        amount numeric(10,2) not null,
        created_at timestamp(6),
        id bigint generated by default as identity,
        order_id bigint,
        paid_at timestamp(6),
        updated_at timestamp(6),
        user_id bigint not null,
        payment_no varchar(255) not null unique,
        transaction_id varchar(255),
        payment_method enum ('ALIPAY','WALLET','WECHAT'),
        payment_type enum ('ORDER','RECHARGE','REFUND','WITHDRAW') not null,
        status enum ('FAILED','PENDING','PROCESSING','REFUNDED','SUCCESS') not null,
        primary key (id)
    )
Hibernate: 
    create table payments (
        amount numeric(10,2) not null,
        created_at timestamp(6),
        id bigint generated by default as identity,
        order_id bigint,
        paid_at timestamp(6),
        updated_at timestamp(6),
        user_id bigint not null,
        payment_no varchar(255) not null unique,
        transaction_id varchar(255),
        payment_method enum ('ALIPAY','WALLET','WECHAT'),
        payment_type enum ('ORDER','RECHARGE','REFUND','WITHDRAW') not null,
        status enum ('FAILED','PENDING','PROCESSING','REFUNDED','SUCCESS') not null,
        primary key (id)
    )
2025-11-25T09:56:11.706+08:00 DEBUG 43304 --- [playmate-backend] [           main] org.hibernate.SQL                        : 
    create table player_services (
        current_orders_today integer,
        duration_minutes integer not null,
        max_orders_per_day integer,
        rating numeric(3,2),
        rating_count integer,
        service_price numeric(10,2) not null,
        total_orders integer,
        created_at timestamp(6),
        id bigint generated by default as identity,
        player_id bigint not null,
        updated_at timestamp(6),
        service_description TEXT,
        service_name varchar(255) not null,
        service_type enum ('CUSTOM','EMOTIONAL_SUPPORT','GAME_ACCOMPANY','SKILL_TEACHING','VIDEO_CHAT','VOICE_CHAT') not null,
        status enum ('ACTIVE','INACTIVE','SUSPENDED') not null,
        primary key (id)
    )
Hibernate: 
    create table player_services (
        current_orders_today integer,
        duration_minutes integer not null,
        max_orders_per_day integer,
        rating numeric(3,2),
        rating_count integer,
        service_price numeric(10,2) not null,
        total_orders integer,
        created_at timestamp(6),
        id bigint generated by default as identity,
        player_id bigint not null,
        updated_at timestamp(6),
        service_description TEXT,
        service_name varchar(255) not null,
        service_type enum ('CUSTOM','EMOTIONAL_SUPPORT','GAME_ACCOMPANY','SKILL_TEACHING','VIDEO_CHAT','VOICE_CHAT') not null,
        status enum ('ACTIVE','INACTIVE','SUSPENDED') not null,
        primary key (id)
    )
2025-11-25T09:56:11.708+08:00 DEBUG 43304 --- [playmate-backend] [           main] org.hibernate.SQL                        : 
    create table players (
        price numeric(10,2) not null,
        rating numeric(3,2) not null,
        total_orders integer not null,
        created_at timestamp(6),
        game_category_id bigint,
        id bigint generated by default as identity,
        updated_at timestamp(6),
        user_id bigint not null unique,
        available_time JSON,
        description TEXT,
        game varchar(255) not null,
        id_card varchar(255),
        level varchar(255),
        real_name varchar(255),
        skill_tags JSON,
        certification_status enum ('APPROVED','PENDING','REJECTED'),
        introduction clob,
        status enum ('AVAILABLE','BUSY','OFFLINE') not null,
        primary key (id)
    )
Hibernate: 
    create table players (
        price numeric(10,2) not null,
        rating numeric(3,2) not null,
        total_orders integer not null,
        created_at timestamp(6),
        game_category_id bigint,
        id bigint generated by default as identity,
        updated_at timestamp(6),
        user_id bigint not null unique,
        available_time JSON,
        description TEXT,
        game varchar(255) not null,
        id_card varchar(255),
        level varchar(255),
        real_name varchar(255),
        skill_tags JSON,
        certification_status enum ('APPROVED','PENDING','REJECTED'),
        introduction clob,
        status enum ('AVAILABLE','BUSY','OFFLINE') not null,
        primary key (id)
    )
2025-11-25T09:56:11.710+08:00 DEBUG 43304 --- [playmate-backend] [           main] org.hibernate.SQL                        : 
    create table post_images (
        post_id bigint not null,
        image_url varchar(255)
    )
Hibernate: 
    create table post_images (
        post_id bigint not null,
        image_url varchar(255)
    )
2025-11-25T09:56:11.710+08:00 DEBUG 43304 --- [playmate-backend] [           main] org.hibernate.SQL                        : 
    create table post_likes (
        created_at timestamp(6),
        id bigint generated by default as identity,
        post_id bigint not null,
        user_id bigint not null,
        primary key (id)
    )
Hibernate: 
    create table post_likes (
        created_at timestamp(6),
        id bigint generated by default as identity,
        post_id bigint not null,
        user_id bigint not null,
        primary key (id)
    )
2025-11-25T09:56:11.711+08:00 DEBUG 43304 --- [playmate-backend] [           main] org.hibernate.SQL                        : 
    create table post_tags (
        post_id bigint not null,
        tag varchar(255)
    )
Hibernate: 
    create table post_tags (
        post_id bigint not null,
        tag varchar(255)
    )
2025-11-25T09:56:11.711+08:00 DEBUG 43304 --- [playmate-backend] [           main] org.hibernate.SQL                        : 
    create table posts (
        comment_count integer not null,
        is_pinned boolean,
        like_count integer not null,
        share_count integer not null,
        create_time timestamp(6) not null,
        id bigint generated by default as identity,
        update_time timestamp(6),
        user_id bigint not null,
        content varchar(500) not null,
        game_name varchar(255),
        location varchar(255),
        video_url varchar(255),
        status enum ('DELETED','DRAFT','PENDING','PRIVATE','PUBLISHED','REJECTED') not null,
        type enum ('GAME','IMAGE','TEXT','VIDEO') not null,
        primary key (id)
    )
Hibernate: 
    create table posts (
        comment_count integer not null,
        is_pinned boolean,
        like_count integer not null,
        share_count integer not null,
        create_time timestamp(6) not null,
        id bigint generated by default as identity,
        update_time timestamp(6),
        user_id bigint not null,
        content varchar(500) not null,
        game_name varchar(255),
        location varchar(255),
        video_url varchar(255),
        status enum ('DELETED','DRAFT','PENDING','PRIVATE','PUBLISHED','REJECTED') not null,
        type enum ('GAME','IMAGE','TEXT','VIDEO') not null,
        primary key (id)
    )
2025-11-25T09:56:11.713+08:00 DEBUG 43304 --- [playmate-backend] [           main] org.hibernate.SQL                        : 
    create table users (
        created_at timestamp(6),
        id bigint generated by default as identity,
        updated_at timestamp(6),
        avatar varchar(255),
        email varchar(255) unique,
        id_card varchar(255),
        nickname varchar(255) not null,
        password varchar(255) not null,
        phone varchar(255) not null unique,
        real_name varchar(255),
        signature varchar(255),
        username varchar(255) not null unique,
        gender enum ('FEMALE','MALE','UNKNOWN'),
        status enum ('ACTIVE','BANNED','INACTIVE'),
        user_type enum ('ADMIN','PLAYER','USER'),
        primary key (id)
    )
Hibernate: 
    create table users (
        created_at timestamp(6),
        id bigint generated by default as identity,
        updated_at timestamp(6),
        avatar varchar(255),
        email varchar(255) unique,
        id_card varchar(255),
        nickname varchar(255) not null,
        password varchar(255) not null,
        phone varchar(255) not null unique,
        real_name varchar(255),
        signature varchar(255),
        username varchar(255) not null unique,
        gender enum ('FEMALE','MALE','UNKNOWN'),
        status enum ('ACTIVE','BANNED','INACTIVE'),
        user_type enum ('ADMIN','PLAYER','USER'),
        primary key (id)
    )
2025-11-25T09:56:11.714+08:00 DEBUG 43304 --- [playmate-backend] [           main] org.hibernate.SQL                        : 
    create table wallets (
        balance numeric(10,2) not null,
        frozen_balance numeric(10,2) not null,
        total_income numeric(10,2) not null,
        total_recharge numeric(10,2) not null,
        total_withdraw numeric(10,2) not null,
        created_at timestamp(6),
        id bigint generated by default as identity,
        updated_at timestamp(6),
        user_id bigint not null unique,
        primary key (id)
    )
Hibernate: 
    create table wallets (
        balance numeric(10,2) not null,
        frozen_balance numeric(10,2) not null,
        total_income numeric(10,2) not null,
        total_recharge numeric(10,2) not null,
        total_withdraw numeric(10,2) not null,
        created_at timestamp(6),
        id bigint generated by default as identity,
        updated_at timestamp(6),
        user_id bigint not null unique,
        primary key (id)
    )
2025-11-25T09:56:11.714+08:00 DEBUG 43304 --- [playmate-backend] [           main] org.hibernate.SQL                        : 
    alter table if exists comment_likes 
       add constraint FK3wa5u7bs1p1o9hmavtgdgk1go 
       foreign key (comment_id) 
       references comments
Hibernate: 
    alter table if exists comment_likes 
       add constraint FK3wa5u7bs1p1o9hmavtgdgk1go 
       foreign key (comment_id) 
       references comments
2025-11-25T09:56:11.721+08:00 DEBUG 43304 --- [playmate-backend] [           main] org.hibernate.SQL                        : 
    alter table if exists comment_likes 
       add constraint FK6h3lbneryl5pyb9ykaju7werx 
       foreign key (user_id) 
       references users
Hibernate: 
    alter table if exists comment_likes 
       add constraint FK6h3lbneryl5pyb9ykaju7werx 
       foreign key (user_id) 
       references users
2025-11-25T09:56:11.722+08:00 DEBUG 43304 --- [playmate-backend] [           main] org.hibernate.SQL                        : 
    alter table if exists orders 
       add constraint FKjutuusvbl0n2fo7dwkm5ria3q 
       foreign key (player_id) 
       references users
Hibernate: 
    alter table if exists orders 
       add constraint FKjutuusvbl0n2fo7dwkm5ria3q 
       foreign key (player_id) 
       references users
2025-11-25T09:56:11.722+08:00 DEBUG 43304 --- [playmate-backend] [           main] org.hibernate.SQL                        : 
    alter table if exists orders 
       add constraint FK32ql8ubntj5uh44ph9659tiih 
       foreign key (user_id) 
       references users
Hibernate: 
    alter table if exists orders 
       add constraint FK32ql8ubntj5uh44ph9659tiih 
       foreign key (user_id) 
       references users
2025-11-25T09:56:11.723+08:00 DEBUG 43304 --- [playmate-backend] [           main] org.hibernate.SQL                        : 
    alter table if exists payment_settings 
       add constraint FK1609ksf462yh0603bf6a8yl79 
       foreign key (user_id) 
       references users
Hibernate: 
    alter table if exists payment_settings 
       add constraint FK1609ksf462yh0603bf6a8yl79 
       foreign key (user_id) 
       references users
2025-11-25T09:56:11.724+08:00 DEBUG 43304 --- [playmate-backend] [           main] org.hibernate.SQL                        : 
    alter table if exists payments 
       add constraint FK81gagumt0r8y3rmudcgpbk42l 
       foreign key (order_id) 
       references orders
Hibernate: 
    alter table if exists payments 
       add constraint FK81gagumt0r8y3rmudcgpbk42l 
       foreign key (order_id) 
       references orders
2025-11-25T09:56:11.725+08:00 DEBUG 43304 --- [playmate-backend] [           main] org.hibernate.SQL                        : 
    alter table if exists payments 
       add constraint FKj94hgy9v5fw1munb90tar2eje 
       foreign key (user_id) 
       references users
Hibernate: 
    alter table if exists payments 
       add constraint FKj94hgy9v5fw1munb90tar2eje 
       foreign key (user_id) 
       references users
2025-11-25T09:56:11.725+08:00 DEBUG 43304 --- [playmate-backend] [           main] org.hibernate.SQL                        : 
    alter table if exists player_services 
       add constraint FKd6t0pgnhmox2ky833d2icj1ju 
       foreign key (player_id) 
       references players
Hibernate: 
    alter table if exists player_services 
       add constraint FKd6t0pgnhmox2ky833d2icj1ju 
       foreign key (player_id) 
       references players
2025-11-25T09:56:11.726+08:00 DEBUG 43304 --- [playmate-backend] [           main] org.hibernate.SQL                        : 
    alter table if exists players 
       add constraint FK4olm0f05jnfy2r8bc7m4iie7l 
       foreign key (game_category_id) 
       references game_categories
Hibernate: 
    alter table if exists players 
       add constraint FK4olm0f05jnfy2r8bc7m4iie7l 
       foreign key (game_category_id) 
       references game_categories
2025-11-25T09:56:11.727+08:00 DEBUG 43304 --- [playmate-backend] [           main] org.hibernate.SQL                        : 
    alter table if exists players 
       add constraint FK3rfv9832bif6rea5edetib8it 
       foreign key (user_id) 
       references users
Hibernate: 
    alter table if exists players 
       add constraint FK3rfv9832bif6rea5edetib8it 
       foreign key (user_id) 
       references users
2025-11-25T09:56:11.727+08:00 DEBUG 43304 --- [playmate-backend] [           main] org.hibernate.SQL                        : 
    alter table if exists post_images 
       add constraint FKo1i5va2d8de9mwq727vxh0s05 
       foreign key (post_id) 
       references posts
Hibernate: 
    alter table if exists post_images 
       add constraint FKo1i5va2d8de9mwq727vxh0s05 
       foreign key (post_id) 
       references posts
2025-11-25T09:56:11.728+08:00 DEBUG 43304 --- [playmate-backend] [           main] org.hibernate.SQL                        : 
    alter table if exists post_likes 
       add constraint FKa5wxsgl4doibhbed9gm7ikie2 
       foreign key (post_id) 
       references posts
Hibernate: 
    alter table if exists post_likes 
       add constraint FKa5wxsgl4doibhbed9gm7ikie2 
       foreign key (post_id) 
       references posts
2025-11-25T09:56:11.729+08:00 DEBUG 43304 --- [playmate-backend] [           main] org.hibernate.SQL                        : 
    alter table if exists post_likes 
       add constraint FKkgau5n0nlewg6o9lr4yibqgxj 
       foreign key (user_id) 
       references users
Hibernate: 
    alter table if exists post_likes 
       add constraint FKkgau5n0nlewg6o9lr4yibqgxj 
       foreign key (user_id) 
       references users
2025-11-25T09:56:11.730+08:00 DEBUG 43304 --- [playmate-backend] [           main] org.hibernate.SQL                        : 
    alter table if exists post_tags 
       add constraint FKkifam22p4s1nm3bkmp1igcn5w 
       foreign key (post_id) 
       references posts
Hibernate: 
    alter table if exists post_tags 
       add constraint FKkifam22p4s1nm3bkmp1igcn5w 
       foreign key (post_id) 
       references posts
2025-11-25T09:56:11.731+08:00 DEBUG 43304 --- [playmate-backend] [           main] org.hibernate.SQL                        : 
    alter table if exists wallets 
       add constraint FKc1foyisidw7wqqrkamafuwn4e 
       foreign key (user_id) 
       references users
Hibernate: 
    alter table if exists wallets 
       add constraint FKc1foyisidw7wqqrkamafuwn4e 
       foreign key (user_id) 
       references users
2025-11-25T09:56:11.735+08:00  INFO 43304 --- [playmate-backend] [           main] j.LocalContainerEntityManagerFactoryBean : Initialized JPA EntityManagerFactory for persistence unit 'default'
2025-11-25T09:56:12.001+08:00  WARN 43304 --- [playmate-backend] [           main] JpaBaseConfiguration$JpaWebConfiguration : spring.jpa.open-in-view is enabled by default. Therefore, database queries may be performed during view rendering. Explicitly configure spring.jpa.open-in-view to disable this warning
2025-11-25T09:56:12.077+08:00  INFO 43304 --- [playmate-backend] [           main] o.s.b.a.e.web.EndpointLinksResolver      : Exposing 1 endpoint beneath base path '/actuator'
2025-11-25T09:56:12.185+08:00  INFO 43304 --- [playmate-backend] [           main] o.s.b.a.h2.H2ConsoleAutoConfiguration    : H2 console available at '/h2-console'. Database available at 'jdbc:h2:mem:testdb'
2025-11-25T09:56:12.211+08:00  INFO 43304 --- [playmate-backend] [           main] o.s.m.s.b.SimpleBrokerMessageHandler     : Starting...
2025-11-25T09:56:12.211+08:00  INFO 43304 --- [playmate-backend] [           main] o.s.m.s.b.SimpleBrokerMessageHandler     : BrokerAvailabilityEvent[available=true, SimpleBrokerMessageHandler [org.springframework.messaging.simp.broker.DefaultSubscriptionRegistry@2aa3b4eb]]
2025-11-25T09:56:12.211+08:00  INFO 43304 --- [playmate-backend] [           main] o.s.m.s.b.SimpleBrokerMessageHandler     : Started.
2025-11-25T09:56:12.215+08:00  INFO 43304 --- [playmate-backend] [           main] c.p.service.PostServiceIntegrationTest   : Started PostServiceIntegrationTest in 1.092 seconds (process running for 7.034)
2025-11-25T09:56:12.217+08:00 DEBUG 43304 --- [playmate-backend] [           main] org.hibernate.SQL                        : 
    select
        count(*) 
    from
        users u1_0
Hibernate: 
    select
        count(*) 
    from
        users u1_0
2025-11-25T09:56:12.217+08:00 DEBUG 43304 --- [playmate-backend] [MessageBroker-2] org.hibernate.SQL                        : 
    select
        count(*) 
    from
        users u1_0
Hibernate: 
    select
        count(*) 
    from
        users u1_0
2025-11-25T09:56:12.217+08:00 DEBUG 43304 --- [playmate-backend] [MessageBroker-1] org.hibernate.SQL                        : 
    select
        a1_0.id,
        a1_0.created_at,
        a1_0.description,
        a1_0.discount_rate,
        a1_0.end_time,
        a1_0.image_url,
        a1_0.max_discount,
        a1_0.min_amount,
        a1_0.participant_count,
        a1_0.participant_limit,
        a1_0.sort_order,
        a1_0.start_time,
        a1_0.status,
        a1_0.title,
        a1_0.type,
        a1_0.updated_at 
    from
        activities a1_0 
    where
        a1_0.end_time<? 
        and a1_0.status<>'ENDED' 
        and a1_0.status<>'CANCELLED'
Hibernate: 
    select
        a1_0.id,
        a1_0.created_at,
        a1_0.description,
        a1_0.discount_rate,
        a1_0.end_time,
        a1_0.image_url,
        a1_0.max_discount,
        a1_0.min_amount,
        a1_0.participant_count,
        a1_0.participant_limit,
        a1_0.sort_order,
        a1_0.start_time,
        a1_0.status,
        a1_0.title,
        a1_0.type,
        a1_0.updated_at 
    from
        activities a1_0 
    where
        a1_0.end_time<? 
        and a1_0.status<>'ENDED' 
        and a1_0.status<>'CANCELLED'
2025-11-25T09:56:12.217+08:00 DEBUG 43304 --- [playmate-backend] [MessageBroker-4] org.hibernate.SQL                        : 
    select
        al1_0.id,
        al1_0.amount,
        al1_0.create_time,
        al1_0.created_by,
        al1_0.details,
        al1_0.failure_reason,
        al1_0.http_method,
        al1_0.ip_address,
        al1_0.operation,
        al1_0.request_uri,
        al1_0.resource,
        al1_0.resource_id,
        al1_0.resource_type,
        al1_0.success,
        al1_0.update_time,
        al1_0.updated_by,
        al1_0.user_agent,
        al1_0.username 
    from
        audit_logs al1_0 
    where
        al1_0.operation=? 
        and al1_0.create_time between ? and ? 
    order by
        al1_0.create_time desc 
    offset
        ? rows 
    fetch
        first ? rows only
Hibernate: 
    select
        al1_0.id,
        al1_0.amount,
        al1_0.create_time,
        al1_0.created_by,
        al1_0.details,
        al1_0.failure_reason,
        al1_0.http_method,
        al1_0.ip_address,
        al1_0.operation,
        al1_0.request_uri,
        al1_0.resource,
        al1_0.resource_id,
        al1_0.resource_type,
        al1_0.success,
        al1_0.update_time,
        al1_0.updated_by,
        al1_0.user_agent,
        al1_0.username 
    from
        audit_logs al1_0 
    where
        al1_0.operation=? 
        and al1_0.create_time between ? and ? 
    order by
        al1_0.create_time desc 
    offset
        ? rows 
    fetch
        first ? rows only
2025-11-25T09:56:12.225+08:00  WARN 43304 --- [playmate-backend] [           main] com.playmate.config.DataInitializer      : Environment variable ADMIN_USERNAME not set, using default value
2025-11-25T09:56:12.225+08:00  WARN 43304 --- [playmate-backend] [           main] com.playmate.config.DataInitializer      : Environment variable ADMIN_PASSWORD not set, using default value
2025-11-25T09:56:12.225+08:00  WARN 43304 --- [playmate-backend] [           main] com.playmate.config.DataInitializer      : Environment variable ADMIN_EMAIL not set, using default value
2025-11-25T09:56:12.225+08:00 DEBUG 43304 --- [playmate-backend] [MessageBroker-1] org.hibernate.SQL                        : 
    select
        a1_0.id,
        a1_0.created_at,
        a1_0.description,
        a1_0.discount_rate,
        a1_0.end_time,
        a1_0.image_url,
        a1_0.max_discount,
        a1_0.min_amount,
        a1_0.participant_count,
        a1_0.participant_limit,
        a1_0.sort_order,
        a1_0.start_time,
        a1_0.status,
        a1_0.title,
        a1_0.type,
        a1_0.updated_at 
    from
        activities a1_0 
    where
        a1_0.participant_limit is not null 
        and a1_0.participant_count>=a1_0.participant_limit 
        and a1_0.status='ACTIVE'
Hibernate: 
    select
        a1_0.id,
        a1_0.created_at,
        a1_0.description,
        a1_0.discount_rate,
        a1_0.end_time,
        a1_0.image_url,
        a1_0.max_discount,
        a1_0.min_amount,
        a1_0.participant_count,
        a1_0.participant_limit,
        a1_0.sort_order,
        a1_0.start_time,
        a1_0.status,
        a1_0.title,
        a1_0.type,
        a1_0.updated_at 
    from
        activities a1_0 
    where
        a1_0.participant_limit is not null 
        and a1_0.participant_count>=a1_0.participant_limit 
        and a1_0.status='ACTIVE'
2025-11-25T09:56:12.226+08:00 DEBUG 43304 --- [playmate-backend] [MessageBroker-4] org.hibernate.SQL                        : 
    select
        al1_0.id,
        al1_0.amount,
        al1_0.create_time,
        al1_0.created_by,
        al1_0.details,
        al1_0.failure_reason,
        al1_0.http_method,
        al1_0.ip_address,
        al1_0.operation,
        al1_0.request_uri,
        al1_0.resource,
        al1_0.resource_id,
        al1_0.resource_type,
        al1_0.success,
        al1_0.update_time,
        al1_0.updated_by,
        al1_0.user_agent,
        al1_0.username 
    from
        audit_logs al1_0 
    where
        al1_0.operation like (?||'%') escape '' 
        and al1_0.create_time between ? and ? 
    order by
        al1_0.create_time desc
Hibernate: 
    select
        al1_0.id,
        al1_0.amount,
        al1_0.create_time,
        al1_0.created_by,
        al1_0.details,
        al1_0.failure_reason,
        al1_0.http_method,
        al1_0.ip_address,
        al1_0.operation,
        al1_0.request_uri,
        al1_0.resource,
        al1_0.resource_id,
        al1_0.resource_type,
        al1_0.success,
        al1_0.update_time,
        al1_0.updated_by,
        al1_0.user_agent,
        al1_0.username 
    from
        audit_logs al1_0 
    where
        al1_0.operation like (?||'%') escape '' 
        and al1_0.create_time between ? and ? 
    order by
        al1_0.create_time desc
2025-11-25T09:56:12.226+08:00 DEBUG 43304 --- [playmate-backend] [MessageBroker-2] org.hibernate.SQL                        : 
    select
        al1_0.id,
        al1_0.amount,
        al1_0.create_time,
        al1_0.created_by,
        al1_0.details,
        al1_0.failure_reason,
        al1_0.http_method,
        al1_0.ip_address,
        al1_0.operation,
        al1_0.request_uri,
        al1_0.resource,
        al1_0.resource_id,
        al1_0.resource_type,
        al1_0.success,
        al1_0.update_time,
        al1_0.updated_by,
        al1_0.user_agent,
        al1_0.username 
    from
        audit_logs al1_0 
    where
        al1_0.operation like (?||'%') escape '' 
        and al1_0.create_time between ? and ? 
    order by
        al1_0.create_time desc
Hibernate: 
    select
        al1_0.id,
        al1_0.amount,
        al1_0.create_time,
        al1_0.created_by,
        al1_0.details,
        al1_0.failure_reason,
        al1_0.http_method,
        al1_0.ip_address,
        al1_0.operation,
        al1_0.request_uri,
        al1_0.resource,
        al1_0.resource_id,
        al1_0.resource_type,
        al1_0.success,
        al1_0.update_time,
        al1_0.updated_by,
        al1_0.user_agent,
        al1_0.username 
    from
        audit_logs al1_0 
    where
        al1_0.operation like (?||'%') escape '' 
        and al1_0.create_time between ? and ? 
    order by
        al1_0.create_time desc
2025-11-25T09:56:12.228+08:00 DEBUG 43304 --- [playmate-backend] [MessageBroker-2] org.hibernate.SQL                        : 
    select
        al1_0.id,
        al1_0.amount,
        al1_0.create_time,
        al1_0.created_by,
        al1_0.details,
        al1_0.failure_reason,
        al1_0.http_method,
        al1_0.ip_address,
        al1_0.operation,
        al1_0.request_uri,
        al1_0.resource,
        al1_0.resource_id,
        al1_0.resource_type,
        al1_0.success,
        al1_0.update_time,
        al1_0.updated_by,
        al1_0.user_agent,
        al1_0.username 
    from
        audit_logs al1_0 
    where
        al1_0.operation like (?||'%') escape '' 
        and al1_0.create_time between ? and ? 
    order by
        al1_0.create_time desc
Hibernate: 
    select
        al1_0.id,
        al1_0.amount,
        al1_0.create_time,
        al1_0.created_by,
        al1_0.details,
        al1_0.failure_reason,
        al1_0.http_method,
        al1_0.ip_address,
        al1_0.operation,
        al1_0.request_uri,
        al1_0.resource,
        al1_0.resource_id,
        al1_0.resource_type,
        al1_0.success,
        al1_0.update_time,
        al1_0.updated_by,
        al1_0.user_agent,
        al1_0.username 
    from
        audit_logs al1_0 
    where
        al1_0.operation like (?||'%') escape '' 
        and al1_0.create_time between ? and ? 
    order by
        al1_0.create_time desc
2025-11-25T09:56:12.228+08:00 DEBUG 43304 --- [playmate-backend] [MessageBroker-4] org.hibernate.SQL                        : 
    select
        al1_0.id,
        al1_0.amount,
        al1_0.create_time,
        al1_0.created_by,
        al1_0.details,
        al1_0.failure_reason,
        al1_0.http_method,
        al1_0.ip_address,
        al1_0.operation,
        al1_0.request_uri,
        al1_0.resource,
        al1_0.resource_id,
        al1_0.resource_type,
        al1_0.success,
        al1_0.update_time,
        al1_0.updated_by,
        al1_0.user_agent,
        al1_0.username 
    from
        audit_logs al1_0 
    where
        al1_0.operation like (?||'%') escape '' 
        and al1_0.create_time between ? and ? 
    order by
        al1_0.create_time desc
Hibernate: 
    select
        al1_0.id,
        al1_0.amount,
        al1_0.create_time,
        al1_0.created_by,
        al1_0.details,
        al1_0.failure_reason,
        al1_0.http_method,
        al1_0.ip_address,
        al1_0.operation,
        al1_0.request_uri,
        al1_0.resource,
        al1_0.resource_id,
        al1_0.resource_type,
        al1_0.success,
        al1_0.update_time,
        al1_0.updated_by,
        al1_0.user_agent,
        al1_0.username 
    from
        audit_logs al1_0 
    where
        al1_0.operation like (?||'%') escape '' 
        and al1_0.create_time between ? and ? 
    order by
        al1_0.create_time desc
2025-11-25T09:56:12.229+08:00 DEBUG 43304 --- [playmate-backend] [MessageBroker-2] org.hibernate.SQL                        : 
    select
        al1_0.id,
        al1_0.amount,
        al1_0.create_time,
        al1_0.created_by,
        al1_0.details,
        al1_0.failure_reason,
        al1_0.http_method,
        al1_0.ip_address,
        al1_0.operation,
        al1_0.request_uri,
        al1_0.resource,
        al1_0.resource_id,
        al1_0.resource_type,
        al1_0.success,
        al1_0.update_time,
        al1_0.updated_by,
        al1_0.user_agent,
        al1_0.username 
    from
        audit_logs al1_0 
    where
        al1_0.create_time between ? and ? 
    order by
        al1_0.create_time desc 
    offset
        ? rows 
    fetch
        first ? rows only
Hibernate: 
    select
        al1_0.id,
        al1_0.amount,
        al1_0.create_time,
        al1_0.created_by,
        al1_0.details,
        al1_0.failure_reason,
        al1_0.http_method,
        al1_0.ip_address,
        al1_0.operation,
        al1_0.request_uri,
        al1_0.resource,
        al1_0.resource_id,
        al1_0.resource_type,
        al1_0.success,
        al1_0.update_time,
        al1_0.updated_by,
        al1_0.user_agent,
        al1_0.username 
    from
        audit_logs al1_0 
    where
        al1_0.create_time between ? and ? 
    order by
        al1_0.create_time desc 
    offset
        ? rows 
    fetch
        first ? rows only
2025-11-25T09:56:12.229+08:00 DEBUG 43304 --- [playmate-backend] [MessageBroker-4] org.hibernate.SQL                        : 
    select
        count(*) 
    from
        users u1_0
Hibernate: 
    select
        count(*) 
    from
        users u1_0
2025-11-25T09:56:12.230+08:00  INFO 43304 --- [playmate-backend] [MessageBroker-2] com.playmate.service.MonitoringService   : 系统报告: {totalUsers=0, activeUsers=0, totalPayments=0, successfulPayments=0, errorCount=0}
2025-11-25T09:56:12.293+08:00 DEBUG 43304 --- [playmate-backend] [           main] org.hibernate.SQL                        : 
    insert 
    into
        users
        (avatar, created_at, email, gender, id_card, nickname, password, phone, real_name, signature, status, updated_at, user_type, username, id) 
    values
        (?, ?, ?, ?, ?, ?, ?, ?, ?, ?, ?, ?, ?, ?, default)
Hibernate: 
    insert 
    into
        users
        (avatar, created_at, email, gender, id_card, nickname, password, phone, real_name, signature, status, updated_at, user_type, username, id) 
    values
        (?, ?, ?, ?, ?, ?, ?, ?, ?, ?, ?, ?, ?, ?, default)
2025-11-25T09:56:12.353+08:00 DEBUG 43304 --- [playmate-backend] [           main] org.hibernate.SQL                        : 
    insert 
    into
        users
        (avatar, created_at, email, gender, id_card, nickname, password, phone, real_name, signature, status, updated_at, user_type, username, id) 
    values
        (?, ?, ?, ?, ?, ?, ?, ?, ?, ?, ?, ?, ?, ?, default)
Hibernate: 
    insert 
    into
        users
        (avatar, created_at, email, gender, id_card, nickname, password, phone, real_name, signature, status, updated_at, user_type, username, id) 
    values
        (?, ?, ?, ?, ?, ?, ?, ?, ?, ?, ?, ?, ?, ?, default)
2025-11-25T09:56:12.401+08:00 DEBUG 43304 --- [playmate-backend] [           main] org.hibernate.SQL                        : 
    insert 
    into
        users
        (avatar, created_at, email, gender, id_card, nickname, password, phone, real_name, signature, status, updated_at, user_type, username, id) 
    values
        (?, ?, ?, ?, ?, ?, ?, ?, ?, ?, ?, ?, ?, ?, default)
Hibernate: 
    insert 
    into
        users
        (avatar, created_at, email, gender, id_card, nickname, password, phone, real_name, signature, status, updated_at, user_type, username, id) 
    values
        (?, ?, ?, ?, ?, ?, ?, ?, ?, ?, ?, ?, ?, ?, default)
2025-11-25T09:56:12.402+08:00  INFO 43304 --- [playmate-backend] [           main] com.playmate.config.DataInitializer      : Created admin user: admin. Demo users created: true
2025-11-25T09:56:12.403+08:00 DEBUG 43304 --- [playmate-backend] [           main] org.hibernate.SQL                        : 
    select
        count(*) 
    from
        game_categories gc1_0
Hibernate: 
    select
        count(*) 
    from
        game_categories gc1_0
2025-11-25T09:56:12.405+08:00 DEBUG 43304 --- [playmate-backend] [           main] org.hibernate.SQL                        : 
    insert 
    into
        game_categories
        (created_at, description, icon_url, name, sort_order, status, updated_at, id) 
    values
        (?, ?, ?, ?, ?, ?, ?, default)
Hibernate: 
    insert 
    into
        game_categories
        (created_at, description, icon_url, name, sort_order, status, updated_at, id) 
    values
        (?, ?, ?, ?, ?, ?, ?, default)
2025-11-25T09:56:12.407+08:00 DEBUG 43304 --- [playmate-backend] [           main] org.hibernate.SQL                        : 
    insert 
    into
        game_categories
        (created_at, description, icon_url, name, sort_order, status, updated_at, id) 
    values
        (?, ?, ?, ?, ?, ?, ?, default)
Hibernate: 
    insert 
    into
        game_categories
        (created_at, description, icon_url, name, sort_order, status, updated_at, id) 
    values
        (?, ?, ?, ?, ?, ?, ?, default)
2025-11-25T09:56:12.408+08:00 DEBUG 43304 --- [playmate-backend] [           main] org.hibernate.SQL                        : 
    insert 
    into
        game_categories
        (created_at, description, icon_url, name, sort_order, status, updated_at, id) 
    values
        (?, ?, ?, ?, ?, ?, ?, default)
Hibernate: 
    insert 
    into
        game_categories
        (created_at, description, icon_url, name, sort_order, status, updated_at, id) 
    values
        (?, ?, ?, ?, ?, ?, ?, default)
2025-11-25T09:56:12.409+08:00 DEBUG 43304 --- [playmate-backend] [           main] org.hibernate.SQL                        : 
    insert 
    into
        game_categories
        (created_at, description, icon_url, name, sort_order, status, updated_at, id) 
    values
        (?, ?, ?, ?, ?, ?, ?, default)
Hibernate: 
    insert 
    into
        game_categories
        (created_at, description, icon_url, name, sort_order, status, updated_at, id) 
    values
        (?, ?, ?, ?, ?, ?, ?, default)
2025-11-25T09:56:12.409+08:00 DEBUG 43304 --- [playmate-backend] [           main] org.hibernate.SQL                        : 
    insert 
    into
        game_categories
        (created_at, description, icon_url, name, sort_order, status, updated_at, id) 
    values
        (?, ?, ?, ?, ?, ?, ?, default)
Hibernate: 
    insert 
    into
        game_categories
        (created_at, description, icon_url, name, sort_order, status, updated_at, id) 
    values
        (?, ?, ?, ?, ?, ?, ?, default)
2025-11-25T09:56:12.410+08:00 DEBUG 43304 --- [playmate-backend] [           main] org.hibernate.SQL                        : 
    insert 
    into
        game_categories
        (created_at, description, icon_url, name, sort_order, status, updated_at, id) 
    values
        (?, ?, ?, ?, ?, ?, ?, default)
Hibernate: 
    insert 
    into
        game_categories
        (created_at, description, icon_url, name, sort_order, status, updated_at, id) 
    values
        (?, ?, ?, ?, ?, ?, ?, default)
2025-11-25T09:56:12.411+08:00 DEBUG 43304 --- [playmate-backend] [           main] org.hibernate.SQL                        : 
    insert 
    into
        game_categories
        (created_at, description, icon_url, name, sort_order, status, updated_at, id) 
    values
        (?, ?, ?, ?, ?, ?, ?, default)
Hibernate: 
    insert 
    into
        game_categories
        (created_at, description, icon_url, name, sort_order, status, updated_at, id) 
    values
        (?, ?, ?, ?, ?, ?, ?, default)
2025-11-25T09:56:12.411+08:00 DEBUG 43304 --- [playmate-backend] [           main] org.hibernate.SQL                        : 
    insert 
    into
        game_categories
        (created_at, description, icon_url, name, sort_order, status, updated_at, id) 
    values
        (?, ?, ?, ?, ?, ?, ?, default)
Hibernate: 
    insert 
    into
        game_categories
        (created_at, description, icon_url, name, sort_order, status, updated_at, id) 
    values
        (?, ?, ?, ?, ?, ?, ?, default)
2025-11-25T09:56:12.412+08:00  INFO 43304 --- [playmate-backend] [           main] com.playmate.config.DataInitializer      : Created default game categories
2025-11-25T09:56:12.412+08:00 DEBUG 43304 --- [playmate-backend] [           main] org.hibernate.SQL                        : 
    select
        count(*) 
    from
        activities a1_0
Hibernate: 
    select
        count(*) 
    from
        activities a1_0
2025-11-25T09:56:12.414+08:00 DEBUG 43304 --- [playmate-backend] [           main] org.hibernate.SQL                        : 
    insert 
    into
        activities
        (created_at, description, discount_rate, end_time, image_url, max_discount, min_amount, participant_count, participant_limit, sort_order, start_time, status, title, type, updated_at, id) 
    values
        (?, ?, ?, ?, ?, ?, ?, ?, ?, ?, ?, ?, ?, ?, ?, default)
Hibernate: 
    insert 
    into
        activities
        (created_at, description, discount_rate, end_time, image_url, max_discount, min_amount, participant_count, participant_limit, sort_order, start_time, status, title, type, updated_at, id) 
    values
        (?, ?, ?, ?, ?, ?, ?, ?, ?, ?, ?, ?, ?, ?, ?, default)
2025-11-25T09:56:12.415+08:00 DEBUG 43304 --- [playmate-backend] [           main] org.hibernate.SQL                        : 
    insert 
    into
        activities
        (created_at, description, discount_rate, end_time, image_url, max_discount, min_amount, participant_count, participant_limit, sort_order, start_time, status, title, type, updated_at, id) 
    values
        (?, ?, ?, ?, ?, ?, ?, ?, ?, ?, ?, ?, ?, ?, ?, default)
Hibernate: 
    insert 
    into
        activities
        (created_at, description, discount_rate, end_time, image_url, max_discount, min_amount, participant_count, participant_limit, sort_order, start_time, status, title, type, updated_at, id) 
    values
        (?, ?, ?, ?, ?, ?, ?, ?, ?, ?, ?, ?, ?, ?, ?, default)
2025-11-25T09:56:12.417+08:00 DEBUG 43304 --- [playmate-backend] [           main] org.hibernate.SQL                        : 
    insert 
    into
        activities
        (created_at, description, discount_rate, end_time, image_url, max_discount, min_amount, participant_count, participant_limit, sort_order, start_time, status, title, type, updated_at, id) 
    values
        (?, ?, ?, ?, ?, ?, ?, ?, ?, ?, ?, ?, ?, ?, ?, default)
Hibernate: 
    insert 
    into
        activities
        (created_at, description, discount_rate, end_time, image_url, max_discount, min_amount, participant_count, participant_limit, sort_order, start_time, status, title, type, updated_at, id) 
    values
        (?, ?, ?, ?, ?, ?, ?, ?, ?, ?, ?, ?, ?, ?, ?, default)
2025-11-25T09:56:12.417+08:00  INFO 43304 --- [playmate-backend] [           main] com.playmate.config.DataInitializer      : Created default activities
2025-11-25T09:56:12.418+08:00 DEBUG 43304 --- [playmate-backend] [           main] org.hibernate.SQL                        : 
    select
        count(*) 
    from
        feedback f1_0
Hibernate: 
    select
        count(*) 
    from
        feedback f1_0
2025-11-25T09:56:12.419+08:00 DEBUG 43304 --- [playmate-backend] [           main] org.hibernate.SQL                        : 
    insert 
    into
        feedback
        (admin_reply, contact, content, created_at, status, type, updated_at, user_id, id) 
    values
        (?, ?, ?, ?, ?, ?, ?, ?, default)
Hibernate: 
    insert 
    into
        feedback
        (admin_reply, contact, content, created_at, status, type, updated_at, user_id, id) 
    values
        (?, ?, ?, ?, ?, ?, ?, ?, default)
2025-11-25T09:56:12.419+08:00 DEBUG 43304 --- [playmate-backend] [           main] org.hibernate.SQL                        : 
    insert 
    into
        feedback
        (admin_reply, contact, content, created_at, status, type, updated_at, user_id, id) 
    values
        (?, ?, ?, ?, ?, ?, ?, ?, default)
Hibernate: 
    insert 
    into
        feedback
        (admin_reply, contact, content, created_at, status, type, updated_at, user_id, id) 
    values
        (?, ?, ?, ?, ?, ?, ?, ?, default)
2025-11-25T09:56:12.420+08:00 DEBUG 43304 --- [playmate-backend] [           main] org.hibernate.SQL                        : 
    insert 
    into
        feedback
        (admin_reply, contact, content, created_at, status, type, updated_at, user_id, id) 
    values
        (?, ?, ?, ?, ?, ?, ?, ?, default)
Hibernate: 
    insert 
    into
        feedback
        (admin_reply, contact, content, created_at, status, type, updated_at, user_id, id) 
    values
        (?, ?, ?, ?, ?, ?, ?, ?, default)
2025-11-25T09:56:12.420+08:00 DEBUG 43304 --- [playmate-backend] [           main] org.hibernate.SQL                        : 
    insert 
    into
        feedback
        (admin_reply, contact, content, created_at, status, type, updated_at, user_id, id) 
    values
        (?, ?, ?, ?, ?, ?, ?, ?, default)
Hibernate: 
    insert 
    into
        feedback
        (admin_reply, contact, content, created_at, status, type, updated_at, user_id, id) 
    values
        (?, ?, ?, ?, ?, ?, ?, ?, default)
2025-11-25T09:56:12.421+08:00  INFO 43304 --- [playmate-backend] [           main] com.playmate.config.DataInitializer      : Created default feedbacks
2025-11-25T09:56:12.421+08:00  INFO 43304 --- [playmate-backend] [           main] com.playmate.config.DataInitializer      : Data initialization completed
2025-11-25T09:56:12.424+08:00 DEBUG 43304 --- [playmate-backend] [           main] org.hibernate.SQL                        : 
    insert 
    into
        posts
        (comment_count, content, create_time, game_name, is_pinned, like_count, location, share_count, status, type, update_time, user_id, video_url, id) 
    values
        (?, ?, ?, ?, ?, ?, ?, ?, ?, ?, ?, ?, ?, default)
Hibernate: 
    insert 
    into
        posts
        (comment_count, content, create_time, game_name, is_pinned, like_count, location, share_count, status, type, update_time, user_id, video_url, id) 
    values
        (?, ?, ?, ?, ?, ?, ?, ?, ?, ?, ?, ?, ?, default)
2025-11-25T09:56:12.430+08:00 DEBUG 43304 --- [playmate-backend] [           main] org.hibernate.SQL                        : 
    select
        u1_0.id,
        u1_0.avatar,
        u1_0.created_at,
        u1_0.email,
        u1_0.gender,
        u1_0.id_card,
        u1_0.nickname,
        u1_0.password,
        u1_0.phone,
        u1_0.real_name,
        u1_0.signature,
        u1_0.status,
        u1_0.updated_at,
        u1_0.user_type,
        u1_0.username 
    from
        users u1_0 
    where
        u1_0.id=?
Hibernate: 
    select
        u1_0.id,
        u1_0.avatar,
        u1_0.created_at,
        u1_0.email,
        u1_0.gender,
        u1_0.id_card,
        u1_0.nickname,
        u1_0.password,
        u1_0.phone,
        u1_0.real_name,
        u1_0.signature,
        u1_0.status,
        u1_0.updated_at,
        u1_0.user_type,
        u1_0.username 
    from
        users u1_0 
    where
        u1_0.id=?
2025-11-25T09:56:12.437+08:00 DEBUG 43304 --- [playmate-backend] [           main] org.hibernate.SQL                        : 
    select
        p1_0.id,
        p1_0.comment_count,
        p1_0.content,
        p1_0.create_time,
        p1_0.game_name,
        p1_0.is_pinned,
        p1_0.like_count,
        p1_0.location,
        p1_0.share_count,
        p1_0.status,
        p1_0.type,
        p1_0.update_time,
        p1_0.user_id,
        p1_0.video_url 
    from
        posts p1_0 
    where
        p1_0.status=? 
        and p1_0.content like ? escape '' 
    order by
        p1_0.create_time desc 
    offset
        ? rows 
    fetch
        first ? rows only
Hibernate: 
    select
        p1_0.id,
        p1_0.comment_count,
        p1_0.content,
        p1_0.create_time,
        p1_0.game_name,
        p1_0.is_pinned,
        p1_0.like_count,
        p1_0.location,
        p1_0.share_count,
        p1_0.status,
        p1_0.type,
        p1_0.update_time,
        p1_0.user_id,
        p1_0.video_url 
    from
        posts p1_0 
    where
        p1_0.status=? 
        and p1_0.content like ? escape '' 
    order by
        p1_0.create_time desc 
    offset
        ? rows 
    fetch
        first ? rows only
2025-11-25T09:56:12.444+08:00 DEBUG 43304 --- [playmate-backend] [           main] org.hibernate.SQL                        : 
    select
        u1_0.id,
        u1_0.avatar,
        u1_0.created_at,
        u1_0.email,
        u1_0.gender,
        u1_0.id_card,
        u1_0.nickname,
        u1_0.password,
        u1_0.phone,
        u1_0.real_name,
        u1_0.signature,
        u1_0.status,
        u1_0.updated_at,
        u1_0.user_type,
        u1_0.username 
    from
        users u1_0 
    where
        u1_0.id=?
Hibernate: 
    select
        u1_0.id,
        u1_0.avatar,
        u1_0.created_at,
        u1_0.email,
        u1_0.gender,
        u1_0.id_card,
        u1_0.nickname,
        u1_0.password,
        u1_0.phone,
        u1_0.real_name,
        u1_0.signature,
        u1_0.status,
        u1_0.updated_at,
        u1_0.user_type,
        u1_0.username 
    from
        users u1_0 
    where
        u1_0.id=?
2025-11-25T09:56:12.445+08:00 DEBUG 43304 --- [playmate-backend] [           main] org.hibernate.SQL                        : 
    select
        p1_0.id,
        p1_0.comment_count,
        p1_0.content,
        p1_0.create_time,
        p1_0.game_name,
        p1_0.is_pinned,
        p1_0.like_count,
        p1_0.location,
        p1_0.share_count,
        p1_0.status,
        p1_0.type,
        p1_0.update_time,
        p1_0.user_id,
        p1_0.video_url 
    from
        posts p1_0 
    where
        p1_0.status=? 
        and p1_0.game_name=? 
    order by
        p1_0.create_time desc 
    offset
        ? rows 
    fetch
        first ? rows only
Hibernate: 
    select
        p1_0.id,
        p1_0.comment_count,
        p1_0.content,
        p1_0.create_time,
        p1_0.game_name,
        p1_0.is_pinned,
        p1_0.like_count,
        p1_0.location,
        p1_0.share_count,
        p1_0.status,
        p1_0.type,
        p1_0.update_time,
        p1_0.user_id,
        p1_0.video_url 
    from
        posts p1_0 
    where
        p1_0.status=? 
        and p1_0.game_name=? 
    order by
        p1_0.create_time desc 
    offset
        ? rows 
    fetch
        first ? rows only
2025-11-25T09:56:12.448+08:00 DEBUG 43304 --- [playmate-backend] [           main] org.hibernate.SQL                        : 
    select
        u1_0.id,
        u1_0.avatar,
        u1_0.created_at,
        u1_0.email,
        u1_0.gender,
        u1_0.id_card,
        u1_0.nickname,
        u1_0.password,
        u1_0.phone,
        u1_0.real_name,
        u1_0.signature,
        u1_0.status,
        u1_0.updated_at,
        u1_0.user_type,
        u1_0.username 
    from
        users u1_0 
    where
        u1_0.id=?
Hibernate: 
    select
        u1_0.id,
        u1_0.avatar,
        u1_0.created_at,
        u1_0.email,
        u1_0.gender,
        u1_0.id_card,
        u1_0.nickname,
        u1_0.password,
        u1_0.phone,
        u1_0.real_name,
        u1_0.signature,
        u1_0.status,
        u1_0.updated_at,
        u1_0.user_type,
        u1_0.username 
    from
        users u1_0 
    where
        u1_0.id=?
2025-11-25T09:56:12.449+08:00 DEBUG 43304 --- [playmate-backend] [           main] org.hibernate.SQL                        : 
    select
        p1_0.id,
        p1_0.comment_count,
        p1_0.content,
        p1_0.create_time,
        p1_0.game_name,
        p1_0.is_pinned,
        p1_0.like_count,
        p1_0.location,
        p1_0.share_count,
        p1_0.status,
        p1_0.type,
        p1_0.update_time,
        p1_0.user_id,
        p1_0.video_url 
    from
        posts p1_0 
    where
        p1_0.status=? 
        and p1_0.game_name=? 
        and p1_0.content like ? escape '' 
    order by
        p1_0.create_time desc 
    offset
        ? rows 
    fetch
        first ? rows only
Hibernate: 
    select
        p1_0.id,
        p1_0.comment_count,
        p1_0.content,
        p1_0.create_time,
        p1_0.game_name,
        p1_0.is_pinned,
        p1_0.like_count,
        p1_0.location,
        p1_0.share_count,
        p1_0.status,
        p1_0.type,
        p1_0.update_time,
        p1_0.user_id,
        p1_0.video_url 
    from
        posts p1_0 
    where
        p1_0.status=? 
        and p1_0.game_name=? 
        and p1_0.content like ? escape '' 
    order by
        p1_0.create_time desc 
    offset
        ? rows 
    fetch
        first ? rows only
2025-11-25T09:56:12.449+08:00 DEBUG 43304 --- [playmate-backend] [           main] org.hibernate.SQL                        : 
    select
        u1_0.id,
        u1_0.avatar,
        u1_0.created_at,
        u1_0.email,
        u1_0.gender,
        u1_0.id_card,
        u1_0.nickname,
        u1_0.password,
        u1_0.phone,
        u1_0.real_name,
        u1_0.signature,
        u1_0.status,
        u1_0.updated_at,
        u1_0.user_type,
        u1_0.username 
    from
        users u1_0 
    where
        u1_0.id=?
Hibernate: 
    select
        u1_0.id,
        u1_0.avatar,
        u1_0.created_at,
        u1_0.email,
        u1_0.gender,
        u1_0.id_card,
        u1_0.nickname,
        u1_0.password,
        u1_0.phone,
        u1_0.real_name,
        u1_0.signature,
        u1_0.status,
        u1_0.updated_at,
        u1_0.user_type,
        u1_0.username 
    from
        users u1_0 
    where
        u1_0.id=?
]]></system-out>
  </testcase>
</testsuite>